<?xml version="1.0" encoding="UTF-8"?>
<!-- Generated by org.testng.reporters.JUnitReportReporter -->
<testsuite hostname="DESKTOP-AUFUS2O" failures="0" tests="2" name="Basic.ChronologicalOrder1$ChronologicalOrder" time="0.025" errors="0" timestamp="2024-05-10T16:21:17 IST" skipped="0">
  <testcase classname="Basic.ChronologicalOrder1$ChronologicalOrder" name="testCase1" time="0.020"/>
  <testcase classname="Basic.ChronologicalOrder1$ChronologicalOrder" name="testCase2" time="0.005"/>
</testsuite> <!-- Basic.ChronologicalOrder1$ChronologicalOrder -->
