<?xml version="1.0" encoding="UTF-8"?>
<!-- Generated by org.testng.reporters.JUnitReportReporter -->
<testsuite hostname="DESKTOP-AUFUS2O" failures="0" tests="1" name="PageObjectModel.LoginDws" time="24.150" errors="0" timestamp="2024-05-27T11:41:45 IST" skipped="0">
  <testcase classname="PageObjectModel.LoginDws" name="loogin" time="24.150"/>
  <system-out/>
</testsuite> <!-- PageObjectModel.LoginDws -->
