<?xml version="1.0" encoding="UTF-8"?>
<!-- Generated by org.testng.reporters.JUnitReportReporter -->
<testsuite hostname="DESKTOP-AUFUS2O" failures="0" tests="5" name="TestNGBasic.HelperMethodEnabaled" time="203.800" errors="0" timestamp="2024-05-16T12:34:26 IST" skipped="0">
  <testcase classname="TestNGBasic.HelperMethodEnabaled" name="mumbai" time="12.790"/>
  <testcase classname="TestNGBasic.HelperMethodEnabaled" name="demo" time="7.160"/>
  <testcase classname="TestNGBasic.HelperMethodEnabaled" name="royalchallenge" time="53.464"/>
  <testcase classname="TestNGBasic.HelperMethodEnabaled" name="csk" time="60.641"/>
  <testcase classname="TestNGBasic.HelperMethodEnabaled" name="csk" time="69.745"/>
</testsuite> <!-- TestNGBasic.HelperMethodEnabaled -->
