<?xml version="1.0" encoding="UTF-8"?>
<!-- Generated by org.testng.reporters.JUnitReportReporter -->
<testsuite hostname="DESKTOP-AUFUS2O" failures="0" tests="3" name="TestNGBasic.HelperDependsOnMethods" time="203.637" errors="0" timestamp="2024-05-16T12:53:14 IST" skipped="0">
  <testcase classname="TestNGBasic.HelperDependsOnMethods" name="modifyAccount" time="84.557"/>
  <testcase classname="TestNGBasic.HelperDependsOnMethods" name="deleteAccount" time="6.829"/>
  <testcase classname="TestNGBasic.HelperDependsOnMethods" name="createAccount" time="112.251"/>
</testsuite> <!-- TestNGBasic.HelperDependsOnMethods -->
