<?xml version="1.0" encoding="UTF-8"?>
<!-- Generated by org.testng.reporters.JUnitReportReporter -->
<testsuite hostname="DESKTOP-AUFUS2O" failures="0" tests="1" name="PageObjectModel.LoginDws1" time="11.994" errors="0" timestamp="2024-05-27T13:49:18 IST" skipped="0">
  <testcase classname="PageObjectModel.LoginDws1" name="loogin" time="11.994"/>
  <system-out/>
</testsuite> <!-- PageObjectModel.LoginDws1 -->
