<?xml version="1.0" encoding="UTF-8"?>
<!-- Generated by org.testng.reporters.JUnitReportReporter -->
<testsuite hostname="DESKTOP-AUFUS2O" failures="0" tests="1" name="listerners.GiftToCart" time="14.180" errors="0" timestamp="2024-05-25T23:24:51 IST" skipped="0">
  <testcase classname="listerners.GiftToCart" name="fillForm" time="14.180"/>
  <system-out/>
</testsuite> <!-- listerners.GiftToCart -->
