<?xml version="1.0" encoding="UTF-8"?>
<!-- Generated by org.testng.reporters.JUnitReportReporter -->
<testsuite hostname="DESKTOP-AUFUS2O" failures="0" tests="1" name="Assertion.AssertNull" time="13.011" errors="0" timestamp="2024-05-21T11:30:21 IST" skipped="0">
  <testcase classname="Assertion.AssertNull" name="hardAssert" time="13.011"/>
</testsuite> <!-- Assertion.AssertNull -->
