<?xml version="1.0" encoding="UTF-8"?>
<!-- Generated by org.testng.reporters.JUnitReportReporter -->
<testsuite hostname="DESKTOP-AUFUS2O" failures="0" tests="3" name="Basic.ChronologicalOrder1" time="0.028" errors="0" timestamp="2024-05-10T16:23:15 IST" skipped="0">
  <testcase classname="Basic.ChronologicalOrder1" name="testCase1" time="0.015"/>
  <testcase classname="Basic.ChronologicalOrder1" name="testCase3" time="0.005"/>
  <testcase classname="Basic.ChronologicalOrder1" name="testCase2" time="0.008"/>
</testsuite> <!-- Basic.ChronologicalOrder1 -->
