<?xml version="1.0" encoding="UTF-8"?>
<!-- Generated by org.testng.reporters.JUnitReportReporter -->
<testsuite hostname="DESKTOP-AUFUS2O" failures="0" tests="1" name="DataDrivenTesting.ReadDataFromXml" time="0.866" errors="0" timestamp="2024-05-14T12:56:50 IST" skipped="0">
  <testcase classname="DataDrivenTesting.ReadDataFromXml" name="readData" time="0.866"/>
</testsuite> <!-- DataDrivenTesting.ReadDataFromXml -->
