<?xml version="1.0" encoding="UTF-8"?>
<!-- Generated by org.testng.reporters.JUnitReportReporter -->
<testsuite hostname="DESKTOP-AUFUS2O" failures="0" tests="1" name="DataDrivenTesting.ReadDataFromXceFile1" time="1.059" errors="0" timestamp="2024-05-14T12:43:04 IST" skipped="0">
  <testcase classname="DataDrivenTesting.ReadDataFromXceFile1" name="readData" time="1.059"/>
</testsuite> <!-- DataDrivenTesting.ReadDataFromXceFile1 -->
