<?xml version="1.0" encoding="UTF-8"?>
<!-- Generated by org.testng.reporters.JUnitReportReporter -->
<testsuite hostname="DESKTOP-AUFUS2O" failures="0" tests="2" name="Basic.ChronologicalOrder" time="0.031" errors="0" timestamp="2024-05-10T16:18:58 IST" skipped="0">
  <testcase classname="Basic.ChronologicalOrder" name="testCase1" time="0.022"/>
  <testcase classname="Basic.ChronologicalOrder" name="testCase2" time="0.009"/>
</testsuite> <!-- Basic.ChronologicalOrder -->
