<?xml version="1.0" encoding="UTF-8"?>
<!-- Generated by org.testng.reporters.JUnitReportReporter -->
<testsuite hostname="DESKTOP-AUFUS2O" failures="0" tests="1" name="com.crm.advance.Test1" time="15.479" errors="0" timestamp="2024-05-09T13:19:56 IST" skipped="0">
  <testcase classname="com.crm.advance.Test1" name="m1" time="15.479"/>
</testsuite> <!-- com.crm.advance.Test1 -->
