<?xml version="1.0" encoding="UTF-8"?>
<!-- Generated by org.testng.reporters.JUnitReportReporter -->
<testsuite hostname="DESKTOP-AUFUS2O" failures="0" tests="1" name="ExtentReports.SampleReports1$SampleReport" time="2.580" errors="0" timestamp="2024-05-30T10:55:47 IST" skipped="0">
  <testcase classname="ExtentReports.SampleReports1$SampleReport" name="launchTheReport" time="2.580"/>
  <system-out/>
</testsuite> <!-- ExtentReports.SampleReports1$SampleReport -->
