<?xml version="1.0" encoding="UTF-8"?>
<!-- Generated by org.testng.reporters.JUnitReportReporter -->
<testsuite hostname="DESKTOP-AUFUS2O" failures="0" tests="1" name="ExtentReports.SampleReport" time="1.052" errors="0" timestamp="2024-05-30T09:29:34 IST" skipped="0">
  <testcase classname="ExtentReports.SampleReport" name="launchTheReport" time="1.052"/>
  <system-out/>
</testsuite> <!-- ExtentReports.SampleReport -->
