<?xml version="1.0" encoding="UTF-8"?>
<!-- Generated by org.testng.reporters.JUnitReportReporter -->
<testsuite hostname="DESKTOP-AUFUS2O" failures="0" tests="1" name="DataDrivenTesting.ReadDataFromExcelFile" time="0.912" errors="0" timestamp="2024-05-14T12:44:22 IST" skipped="0">
  <testcase classname="DataDrivenTesting.ReadDataFromExcelFile" name="readData" time="0.912"/>
</testsuite> <!-- DataDrivenTesting.ReadDataFromExcelFile -->
